1601309347534	mozrunner::runner	INFO	Running command: "C:\\Program Files\\Mozilla Firefox\\firefox.exe" "-marionette" "-foreground" "-no-remote" "-profile" "C:\\temp\\rust_mozprofile.VvCNm55x7IqO"
JavaScript error: resource://gre/modules/XULStore.jsm, line 66: Error: Can't find profile directory.
console.error: SearchCache: "_readCacheFile: Error reading cache file:" (new Error("", "(unknown module)"))
1601309351844	Marionette	INFO	Listening on port 12078
1601309351872	Marionette	WARN	TLS certificate errors will be ignored for this session
1601309352014	Marionette	ERROR	[19] No reply from Marionette:Register
console.error: Region.jsm: "Error fetching region" (new AbortError("The operation was aborted. ", (void 0), 636))
console.error: Region.jsm: "Failed to fetch region" (new Error("NO_RESULT", "resource://gre/modules/Region.jsm", 343))

###!!! [Child][RunMessage] Error: Channel closing: too late to send/recv, messages will be lost

1601309546378	Marionette	INFO	Stopped listening on port 12078

###!!! [Child][MessageChannel::SendAndWait] Error: Channel error: cannot send/recv

Script error: resource://gre/modules/XULStore.jsm, line 66: Error: Can't find profile directory.
console.error: SearchCache: "_readCacheFile: Error reading cache file:" (new Error("", "(unknown module)"))
1601309540075	Marionette	INFO	Listening on port 12279
1601309540475	Marionette	WARN	TLS certificate errors will be ignored for this session
1601309541799	Marionette	INFO	Stopped listening on port 12279
[Parent 18404, Gecko_IOThread] WARNING: file /builds/worker/checkouts/gecko/ipc/chromium/src/base/process_util_win.cc, line 166
console.error: Region.jsm: "Error fetching region" (new TypeError("NetworkError when attempting to fetch resource.", ""))
console.error: Region.jsm: "Failed to fetch region" (new Error("NO_RESULT", "resource://gre/modules/Region.jsm", 343))
1601310279033	mozrunner::runner	INFO	Running command: "C:\\Program Files\\Mozilla Firefox\\firefox.exe" "-marionette" "-foreground" "-no-remote" "-profile" "C:\\temp\\rust_mozprofile.3TpsIqO0UlI9"
JavaScript error: resource://gre/modules/XULStore.jsm, line 66: Error: Can't find profile directory.
console.error: SearchCache: "_readCacheFile: Error reading cache file:" (new Error("", "(unknown module)"))
1601310281603	Marionette	INFO	Listening on port 13173
1601310281746	Marionette	WARN	TLS certificate errors will be ignored for this session
1601310304910	Marionette	INFO	Stopped listening on port 13173

###!!! [Child][RunMessage] Error: Channel closing: too late to send/recv, messages will be lost


###!!! [Child][MessageChannel::SendAndWait] Error: Channel error: cannot send/recv

1601310361306	mozrunner::runner	INFO	Running command: "C:\\Program Files\\Mozilla Firefox\\firefox.exe" "-marionette" "-foreground" "-no-remote" "-profile" "C:\\temp\\rust_mozprofile.6JIyqk0Arm1V"
JavaScript error: resource://gre/modules/XULStore.jsm, line 66: Error: Can't find profile directory.
console.error: SearchCache: "_readCacheFile: Error reading cache file:" (new Error("", "(unknown module)"))
1601310363868	Marionette	INFO	Listening on port 13305
1601310364020	Marionette	WARN	TLS certificate errors will be ignored for this session
JavaScript error: resource://gre/actors/AutoCompleteChild.jsm, line 208: Error: Invalid autocomplete selectedIndex
1601310427207	Marionette	INFO	Stopped listening on port 13305

###!!! [Child][MessageChannel::SendAndWait] Error: Channel error: cannot send/recv

1601310436069	mozrunner::runner	INFO	Running command: "C:\\Program Files\\Mozilla Firefox\\firefox.exe" "-marionette" "-foreground" "-no-remote" "-profile" "C:\\temp\\rust_mozprofile.trZYUzZU9Ymq"
JavaScript error: resource://gre/modules/XULStore.jsm, line 66: Error: Can't find profile directory.
console.error: SearchCache: "_readCacheFile: Error reading cache file:" (new Error("", "(unknown module)"))
1601310438701	Marionette	INFO	Listening on port 13459
1601310438785	Marionette	WARN	TLS certificate errors will be ignored for this session
JavaScript error: resource://gre/actors/AutoCompleteChild.jsm, line 208: Error: Invalid autocomplete selectedIndex
1601310442811	Marionette	INFO	Stopped listening on port 13459

###!!! [Child][RunMessage] Error: Channel closing: too late to send/recv, messages will be lost


###!!! [Child][MessageChannel::SendAndWait] Error: Channel error: cannot send/recv

1601310462606	mozrunner::runner	INFO	Running command: "C:\\Program Files\\Mozilla Firefox\\firefox.exe" "-marionette" "-foreground" "-no-remote" "-profile" "C:\\temp\\rust_mozprofile.Zw05zQpLn5mL"
JavaScript error: resource://gre/modules/XULStore.jsm, line 66: Error: Can't find profile directory.
console.error: SearchCache: "_readCacheFile: Error reading cache file:" (new Error("", "(unknown module)"))
1601310465148	Marionette	INFO	Listening on port 13548
1601310465320	Marionette	WARN	TLS certificate errors will be ignored for this session
JavaScript error: resource://gre/actors/AutoCompleteChild.jsm, line 208: Error: Invalid autocomplete selectedIndex
1601310483368	Marionette	INFO	Stopped listening on port 13548

###!!! [Child][RunMessage] Error: Channel closing: too late to send/recv, messages will be lost


###!!! [Child][MessageChannel::SendAndWait] Error: Channel error: cannot send/recv

1601310860210	mozrunner::runner	INFO	Running command: "C:\\Program Files\\Mozilla Firefox\\firefox.exe" "-marionette" "-foreground" "-no-remote" "-profile" "C:\\temp\\rust_mozprofile.DRvzfWjnwJJw"
JavaScript error: resource://gre/modules/XULStore.jsm, line 66: Error: Can't find profile directory.
console.error: SearchCache: "_readCacheFile: Error reading cache file:" (new Error("", "(unknown module)"))
1601310862824	Marionette	INFO	Listening on port 13976
1601310862930	Marionette	WARN	TLS certificate errors will be ignored for this session
JavaScript error: resource://gre/actors/AutoCompleteChild.jsm, line 208: Error: Invalid autocomplete selectedIndex
1601311080449	Marionette	INFO	Stopped listening on port 13976

###!!! [Child][RunMessage] Error: Channel closing: too late to send/recv, messages will be lost


###!!! [Child][MessageChannel::SendAndWait] Error: Channel error: cannot send/recv

1601311089728	mozrunner::runner	INFO	Running command: "C:\\Program Files\\Mozilla Firefox\\firefox.exe" "-marionette" "-foreground" "-no-remote" "-profile" "C:\\temp\\rust_mozprofile.JrWcwjHrPNCf"
JavaScript error: resource://gre/modules/XULStore.jsm, line 66: Error: Can't find profile directory.
console.error: SearchCache: "_readCacheFile: Error reading cache file:" (new Error("", "(unknown module)"))
1601311092388	Marionette	INFO	Listening on port 14345
1601311092441	Marionette	WARN	TLS certificate errors will be ignored for this session
JavaScript error: resource://gre/actors/AutoCompleteChild.jsm, line 208: Error: Invalid autocomplete selectedIndex
1601311207329	Marionette	INFO	Stopped listening on port 14345

###!!! [Child][RunMessage] Error: Channel closing: too late to send/recv, messages will be lost


###!!! [Child][MessageChannel::SendAndWait] Error: Channel error: cannot send/recv

1601311218833	mozrunner::runner	INFO	Running command: "C:\\Program Files\\Mozilla Firefox\\firefox.exe" "-marionette" "-foreground" "-no-remote" "-profile" "C:\\temp\\rust_mozprofile.eKcM1nnncole"
JavaScript error: resource://gre/modules/XULStore.jsm, line 66: Error: Can't find profile directory.
console.error: SearchCache: "_readCacheFile: Error reading cache file:" (new Error("", "(unknown module)"))
1601311221476	Marionette	INFO	Listening on port 14525
1601311221545	Marionette	WARN	TLS certificate errors will be ignored for this session
JavaScript error: resource://gre/actors/AutoCompleteChild.jsm, line 208: Error: Invalid autocomplete selectedIndex
1601311225165	Marionette	WARN	TimedPromise timed out after 0 ms: stacktrace:
TimedPromise/<@chrome://marionette/content/sync.js:245:13
TimedPromise@chrome://marionette/content/sync.js:230:10
Sleep@chrome://marionette/content/sync.js:283:10
dispatchPause@chrome://marionette/content/action.js:1482:10
toEvents/<@chrome://marionette/content/action.js:1156:16
action.dispatchTickActions@chrome://marionette/content/action.js:1060:35
action.dispatch/chainEvents<@chrome://marionette/content/action.js:1028:20
action.dispatch@chrome://marionette/content/action.js:1034:5
performActions@chrome://marionette/content/listener.js:868:16
dispatch/</req<@chrome://marionette/content/listener.js:541:14
dispatch/<@chrome://marionette/content/listener.js:534:15
console.error: Region.jsm: "Error fetching region" (new AbortError("The operation was aborted. ", (void 0), 636))
console.error: Region.jsm: "Failed to fetch region" (new Error("NO_RESULT", "resource://gre/modules/Region.jsm", 343))
1601311567035	Marionette	INFO	Stopped listening on port 14525

###!!! [Child][RunMessage] Error: Channel closing: too late to send/recv, messages will be lost


###!!! [Child][MessageChannel::SendAndWait] Error: Channel error: cannot send/recv

line 66: Error: Can't find profile directory.
console.error: SearchCache: "_readCacheFile: Error reading cache file:" (new Error("", "(unknown module)"))
1601311288177	Marionette	INFO	Listening on port 14656
1601311288321	Marionette	WARN	TLS certificate errors will be ignored for this session
JavaScript error: resource://gre/actors/AutoCompleteChild.jsm, line 208: Error: Invalid autocomplete selectedIndex
JavaScript warning: https://wappass.baidu.com/static/touch/js/lib/fingerprint.js, line 1: WebGL warning: linkProgram: Must have a compiled vertex shader attached.
JavaScript warning: https://wappass.baidu.com/static/touch/js/lib/fingerprint.js, line 1: WebGL warning: useProgram: Program must be linked successfully.
JavaScript warning: https://wappass.baidu.com/static/touch/js/lib/fingerprint.js, line 1: WebGL warning: vertexAttribI?Pointer: `index` (4294967295) must be < MAX_VERTEX_ATTRIBS.
JavaScript warning: https://wappass.baidu.com/static/touch/js/lib/fingerprint.js, line 1: WebGL warning: uniform setter: No active linked Program.
JavaScript warning: https://wappass.baidu.com/static/touch/js/lib/fingerprint.js, line 1: WebGL warning: drawArraysInstanced: The current program is not linked.

###!!! [Child][RunMessage] Error: Channel closing: too late to send/recv, messages will be lost

1601311562246	Marionette	INFO	Stopped listening on port 14656

###!!! [Child][RunMessage] Error: Channel closing: too late to send/recv, messages will be lost


###!!! [Child][MessageChannel::SendAndWait] Error: Channel error: cannot send/recv

1601311575437	mozrunner::runner	INFO	Running command: "C:\\Program Files\\Mozilla Firefox\\firefox.exe" "-marionette" "-foreground" "-no-remote" "-profile" "C:\\temp\\rust_mozprofile.hMfQ3w3CJ21r"
JavaScript error: resource://gre/modules/XULStore.jsm, line 66: Error: Can't find profile directory.
console.error: SearchCache: "_readCacheFile: Error reading cache file:" (new Error("", "(unknown module)"))
1601311578052	Marionette	INFO	Listening on port 1054
1601311578152	Marionette	WARN	TLS certificate errors will be ignored for this session
JavaScript error: resource://gre/actors/AutoCompleteChild.jsm, line 208: Error: Invalid autocomplete selectedIndex
1601311601320	Marionette	INFO	Stopped listening on port 1054

###!!! [Child][RunMessage] Error: Channel closing: too late to send/recv, messages will be lost


###!!! [Child][MessageChannel::SendAndWait] Error: Channel error: cannot send/recv

1601311701624	mozrunner::runner	INFO	Running command: "C:\\Program Files\\Mozilla Firefox\\firefox.exe" "-marionette" "-foreground" "-no-remote" "-profile" "C:\\temp\\rust_mozprofile.M8XnuCWinZPB"
JavaScript error: resource://gre/modules/XULStore.jsm, line 66: Error: Can't find profile directory.
console.error: SearchCache: "_readCacheFile: Error reading cache file:" (new Error("", "(unknown module)"))
1601311704253	Marionette	INFO	Listening on port 1293
1601311704337	Marionette	WARN	TLS certificate errors will be ignored for this session
JavaScript error: resource://gre/actors/AutoCompleteChild.jsm, line 208: Error: Invalid autocomplete selectedIndex
JavaScript warning: https://wappass.baidu.com/static/touch/js/lib/fingerprint.js, line 1: WebGL warning: linkProgram: Must have a compiled vertex shader attached.
JavaScript warning: https://wappass.baidu.com/static/touch/js/lib/fingerprint.js, line 1: WebGL warning: useProgram: Program must be linked successfully.
JavaScript warning: https://wappass.baidu.com/static/touch/js/lib/fingerprint.js, line 1: WebGL warning: vertexAttribI?Pointer: `index` (4294967295) must be < MAX_VERTEX_ATTRIBS.
JavaScript warning: https://wappass.baidu.com/static/touch/js/lib/fingerprint.js, line 1: WebGL warning: uniform setter: No active linked Program.
JavaScript warning1601312063435	Marionette	INFO	Stopped listening on port 1386

###!!! [Child][RunMessage] Error: Channel closing: too late to send/recv, messages will be lost


###!!! [Child][MessageChannel::SendAndWait] Error: Channel error: cannot send/recv

e (total compilation time 95ms)
1601312063664	Marionette	INFO	Stopped listening on port 1293

###!!! [Child][RunMessage] Error: Channel closing: too late to send/recv, messages will be lost


###!!! [Child][MessageChannel::SendAndWait] Error: Channel error: cannot send/recv

1601312072458	mozrunner::runner	INFO	Running command: "C:\\Program Files\\Mozilla Firefox\\firefox.exe" "-marionette" "-foreground" "-no-remote" "-profile" "C:\\temp\\rust_mozprofile.UdOLlp0mIe3r"
JavaScript error: resource://gre/modules/XULStore.jsm, line 66: Error: Can't find profile directory.
console.error: SearchCache: "_readCacheFile: Error reading cache file:" (new Error("", "(unknown module)"))
1601312075096	Marionette	INFO	Listening on port 1583
1601312075181	Marionette	WARN	TLS certificate errors will be ignored for this session
JavaScript error: resource://gre/actors/AutoCompleteChild.jsm, line 208: Error: Invalid autocomplete selectedIndex
console.error: Region.jsm: "Error fetching region" (new AbortError("The operation was aborted. ", (void 0), 636))
console.error: Region.jsm: "Failed to fetch region" (new Error("NO_RESULT", "resource://gre/modules/Region.jsm", 343))
JavaScript warning: https://wappass.baidu.com/static/touch/js/lib/fingerprint.js, line 1: WebGL warning: linkProgram: Must have a compiled vertex shader attached.
JavaScript warning: https://wappass.baidu.com/static/touch/js/lib/fingerprint.js, line 1: WebGL warning: useProgram: Program must be linked successfully.
JavaScript warning: https://wappass.baidu.com/static/touch/js/lib/fingerprint.js, line 1: WebGL warning: vertexAttribI?Pointer: `index` (4294967295) must be < MAX_VERTEX_ATTRIBS.
JavaScript warning: https://wappass.baidu.com/static/touch/js/lib/fingerprint.js, line 1: WebGL warning: uniform setter: No active linked Program.
JavaScript warning: https://wappass.baidu.com/static/touch/js/lib/fingerprint.js, line 1: WebGL warning: drawArraysInstanced: The current program is not linked.
console.error: services.settings: 
  Message: TypeError: NetworkError when attempting to fetch resource.
1601313366246	Marionette	INFO	Stopped listening on port 1583

###!!! [Child][RunMessage] Error: Channel closing: too late to send/recv, messages will be lost


###!!! [Child][MessageChannel::SendAndWait] Error: Channel error: cannot send/recv

aScript warning: https://wappass.baidu.com/static/touch/js/lib/fingerprint.js, line 1: WebGL warning: uniform setter: No active linked Program.
JavaScript warning: https://wappass.baidu.com/static/touch/js/lib/fingerprint.js, line 1: WebGL warning: drawArraysInstanced: The current program is not linked.
1601312135016	Marionette	INFO	Stopped listening on port 1663

###!!! [Child][RunMessage] Error: Channel closing: too late to send/recv, messages will be lost


###!!! [Child][MessageChannel::SendAndWait] Error: Channel error: cannot send/recv

1601312214816	mozrunner::runner	INFO	Running command: "C:\\Program Files\\Mozilla Firefox\\firefox.exe" "-marionette" "-foreground" "-no-remote" "-profile" "C:\\temp\\rust_mozprofile.GGJJV5AUko8i"
JavaScript error: resource://gre/modules/XULStore.jsm, line 66: Error: Can't find profile directory.
console.error: SearchCache: "_readCacheFile: Error reading cache file:" (new Error("", "(unknown module)"))
1601312217444	Marionette	INFO	Listening on port 1779
1601312217530	Marionette	WARN	TLS certificate errors will be ignored for this session
JavaScript error: resource://gre/actors/AutoCompleteChild.jsm, line 208: Error: Invalid autocomplete selectedIndex
console.error: Region.jsm: "Error fetching region" (new AbortError("The operation was aborted. ", (void 0), 636))
console.error: Region.jsm: "Failed to fetch region" (new Error("NO_RESULT", "resource://gre/modules/Region.jsm", 343))

###!!! [Child][RunMessage] Error: Channel closing: too late to send/recv, messages will be lost

1601313365995	Marionette	INFO	Stopped listening on port 1779

###!!! [Child][RunMessage] Error: Channel closing: too late to send/recv, messages will be lost


###!!! [Child][MessageChannel::SendAndWait] Error: Channel error: cannot send/recv

ore.jsm, line 66: Error: Can't find profile directory.
1601312623539	Marionette	INFO	Listening on port 1966
1601312623615	Marionette	WARN	TLS certificate errors will be ignored for this session
JavaScript error: resource://gre/actors/AutoCompleteChild.jsm, line 208: Error: Invalid autocomplete selectedIndex
console.error: Region.jsm: "Error fetching region" (new AbortError("The operation was aborted. ", (void 0), 636))
console.error: Region.jsm: "Failed to fetch region" (new Error("NO_RESULT", "resource://gre/modules/Region.jsm", 343))
[Parent 6140, Gecko_IOThread] WARNING: file /builds/worker/checkouts/gecko/ipc/chromium/src/base/process_util_win.cc, line 166

###!!! [Child][RunMessage] Error: Channel closing: too late to send/recv, messages will be lost

1601313366030	Marionette	INFO	Stopped listening on port 1966

###!!! [Child][MessageChannel::SendAndWait] Error: Channel error: cannot send/recv

or("", "(unknown module)"))
1601312736275	Marionette	INFO	Listening on port 2128
1601312736334	Marionette	WARN	TLS certificate errors will be ignored for this session
JavaScript error: resource://gre/actors/AutoCompleteChild.jsm, line 208: Error: Invalid autocomplete selectedIndex
JavaScript warning: https://wappass.baidu.com/static/touch/js/lib/fingerprint.js, line 1: WebGL warning: linkProgram: Must have a compiled vertex shader attached.
JavaScript warning: https://wappass.baidu.com/static/touch/js/lib/fingerprint.js, line 1: WebGL warning: useProgram: Program must be linked successfully.
JavaScript warning: https://wappass.baidu.com/static/touch/js/lib/fingerprint.js, line 1: WebGL warning: vertexAttribI?Pointer: `index` (4294967295) must be < MAX_VERTEX_ATTRIBS.
JavaScript warning: https://wappass.baidu.com/static/touch/js/lib/fingerprint.js, line 1: WebGL warning: uniform setter: No active linked Program.
JavaScript warning: https://wappass.baidu.com/static/touch/js/lib/fingerprint.js, line 1: WebGL warning: drawArraysInstanced: The current program is not linked.
SourceActor threw an exception: [Exception... "Failed to open input source 'javascript:;'"  nsresult: "0x80040111 (NS_ERROR_NOT_AVAILABLE)"  location: "JS frame :: resource://devtools/shared/DevToolsUtils.js :: mainThreadFetch/< :: line 661"  data: yes]
Stack: mainThreadFetch/<@resource://devtools/shared/DevToolsUtils.js:661:15
mainThreadFetch@resource://devtools/shared/DevToolsUtils.js:509:10
_fetchURLContents@resource://devtools/server/actors/utils/TabSources.js:440:22
urlContents@resource://devtools/server/actors/utils/TabSources.js:407:17
_resurrectSource@resource://devtools/server/actors/thread.js:2063:69
addAllSources@resource://devtools/server/actors/thread.js:1446:14
onSources@resource://devtools/server/actors/thread.js:1452:10
onPacket@resource://devtools/server/devtools-server-connection.js:379:58
receiveMessage@resource://devtools/shared/transport/child-transport.js:66:16
Line: 661, column: 0
console.error: ({})
JavaScript error: resource://devtools/shared/DevToolsUtils.js, line 661: NS_ERROR_NOT_AVAILABLE: Failed to open input source 'javascript:;'
1601313365861	Marionette	INFO	Stopped listening on port 2128

###!!! [Child][MessageChannel::SendAndWait] Error: Channel error: cannot send/recv

1601313374995	mozrunner::runner	INFO	Running command: "C:\\Program Files\\Mozilla Firefox\\firefox.exe" "-marionette" "-foreground" "-no-remote" "-profile" "C:\\temp\\rust_mozprofile.VcEMR4BUywHJ"
JavaScript error: resource://gre/modules/XULStore.jsm, line 66: Error: Can't find profile directory.
console.error: SearchCache: "_readCacheFile: Error reading cache file:" (new Error("", "(unknown module)"))
1601313377922	Marionette	INFO	Listening on port 2313
1601313378212	Marionette	WARN	TLS certificate errors will be ignored for this session
JavaScript error: resource://gre/actors/AutoCompleteChild.jsm, line 208: Error: Invalid autocomplete selectedIndex
JavaScript warning: https://wappass.baidu.com/static/touch/js/lib/fingerprint.js, line 1: WebGL warning: linkProgram: Must have a compiled vertex shader attached.
JavaScript warning: https://wappass.baidu.com/static/touch/js/lib/fingerprint.js, line 1: WebGL warning: useProgram: Program must be linked successfully.
JavaScript warning: https://wappass.baidu.com/static/touch/js/lib/fingerprint.js, line 1: WebGL warning: vertexAttribI?Pointer: `index` (4294967295) must be < MAX_VERTEX_ATTRIBS.
JavaScript warning: https://wappass.baidu.com/static/touch/js/lib/fingerprint.js, line 1: WebGL warning: uniform setter: No active linked Program.
JavaScript warning: https://wappass.baidu.com/static/touch/js/lib/fingerprint.js, line 1: WebGL warning: drawArraysInstanced: The current program is not linked.
SourceActor threw an exception: [Exception... "Failed to open input source 'javascript:;'"  nsresult: "0x80040111 (NS_ERROR_NOT_AVAILABLE)"  location: "JS frame :: resource://devtools/shared/DevToolsUtils.js :: mainThreadFetch/< :: line 661"  data: yes]
Stack: mainThreadFetch/<@resource://devtools/shared/DevToolsUtils.js:661:15
mainThreadFetch@resource://devtools/shared/DevToolsUtils.js:509:10
_fetchURLContents@resource://devtools/server/actors/utils/TabSources.js:440:22
urlContents@resource://devtools/server/actors/utils/TabSources.js:407:17
_resurrectSource@resource://devtools/server/actors/thread.js:2063:69
addAllSources@resource://devtools/server/actors/thread.js:1446:14
onSources@resource://devtools/server/actors/thread.js:1452:10
onPacket@resource://devtools/server/devtools-server-connection.js:379:58
receiveMessage@resource://devtools/shared/transport/child-transport.js:66:16
Line: 661, column: 0
console.error: ({})
JavaScript error: resource://devtools/shared/DevToolsUtils.js, line 661: NS_ERROR_NOT_AVAILABLE: Failed to open input source 'javascript:;'
1601315299201	Marionette	INFO	Stopped listening on port 2313

###!!! [Child][MessageChannel::SendAndWait] Error: Channel error: cannot send/recv

t.js, line 1: WebGL warning: uniform setter: No active linked Program.
JavaScript warning: https://wappass.baidu.com/static/touch/js/lib/fingerprint.js, line 1: WebGL warning: drawArraysInstanced: The current program is not linked.
1601315300369	Marionette	INFO	Stopped listening on port 2387
[Parent 13376, Gecko_IOThread] WARNING: pipe error: 232: file /builds/worker/checkouts/gecko/ipc/chromium/src/chrome/common/ipc_channel_win.cc, line 524

###!!! [Child][MessageChannel::SendAndWait] Error: Channel error: cannot send/recv

le.error: SearchCache: "_readCacheFile: Error reading cache file:" (new Error("", "(unknown module)"))
1601313470231	Marionette	INFO	Listening on port 2464
1601313470347	Marionette	WARN	TLS certificate errors will be ignored for this session
JavaScript error: resource://gre/actors/AutoCompleteChild.jsm, line 208: Error: Invalid autocomplete selectedIndex
1601315301018	Marionette	INFO	Stopped listening on port 2464

###!!! [Child][MessageChannel::SendAndWait] Error: Channel error: cannot send/recv

file" "C:\\temp\\rust_mozprofile.0PwzbOjohcdj"
JavaScript error: resource://gre/modules/XULStore.jsm, line 66: Error: Can't find profile directory.
console.error: SearchCache: "_readCacheFile: Error reading cache file:" (new Error("", "(unknown module)"))
1601313525948	Marionette	INFO	Listening on port 2542
1601313526309	Marionette	WARN	TLS certificate errors will be ignored for this session
JavaScript error: resource://gre/actors/AutoCompleteChild.jsm, line 208: Error: Invalid autocomplete selectedIndex
JavaScript warning: https://wappass.baidu.com/static/touch/js/lib/fingerprint.js, line 1: WebGL warning: linkProgram: Must have a compiled vertex shader attached.
JavaScript warning: https://wappass.baidu.com/static/touch/js/lib/fingerprint.js, line 1: WebGL warning: useProgram: Program must be linked successfully.
JavaScript warning: https://wappass.baidu.com/static/touch/js/lib/fingerprint.js, line 1: WebGL warning: vertexAttribI?Pointer: `index` (4294967295) must be < MAX_VERTEX_ATTRIBS.
JavaScript warning: https://wappass.baidu.com/static/touch/js/lib/fingerprint.js, line 1: WebGL warning: uniform setter: No active linked Program.
JavaScript warning: https://wappass.baidu.com/static/touch/js/lib/fingerprint.js, line 1: WebGL warning: drawArraysInstanced: The current program is not linked.
1601315302266	Marionette	INFO	Stopped listening on port 2542

###!!! [Child][MessageChannel::SendAndWait] Error: Channel error: cannot send/recv

file" "C:\\temp\\rust_mozprofile.XuSuI0qjWZVO"
JavaScript error: resource://gre/modules/XULStore.jsm, line 66: Error: Can't find profile directory.
console.error: SearchCache: "_readCacheFile: Error reading cache file:" (new Error("", "(unknown module)"))
1601313565419	Marionette	INFO	Listening on port 2631
1601313565657	Marionette	WARN	TLS certificate errors will be ignored for this session
JavaScript error: resource://gre/actors/AutoCompleteChild.jsm, line 208: Error: Invalid autocomplete selectedIndex
JavaScript warning: https://wappass.baidu.com/static/touch/js/lib/fingerprint.js, line 1: WebGL warning: linkProgram: Must have a compiled vertex shader attached.
JavaScript warning: https://wappass.baidu.com/static/touch/js/lib/fingerprint.js, line 1: WebGL warning: useProgram: Program must be linked successfully.
JavaScript warning: https://wappass.baidu.com/static/touch/js/lib/fingerprint.js, line 1: WebGL warning: vertexAttribI?Pointer: `index` (4294967295) must be < MAX_VERTEX_ATTRIBS.
JavaScript warning: https://wappass.baidu.com/static/touch/js/lib/fingerprint.js, line 1: WebGL warning: uniform setter: No active linked Program.
JavaScript warning: https://wappass.baidu.com/static/touch/js/lib/fingerprint.js, line 1: WebGL warning: drawArraysInstanced: The current program is not linked.
1601315300801	Marionette	INFO	Stopped listening on port 2631

###!!! [Child][MessageChannel::SendAndWait] Error: Channel error: cannot send/recv

file" "C:\\temp\\rust_mozprofile.OTRrpc97DzT8"
JavaScript error: resource://gre/modules/XULStore.jsm, line 66: Error: Can't find profile directory.
console.error: SearchCache: "_readCacheFile: Error reading cache file:" (new Error("", "(unknown module)"))
1601313637879	Marionette	INFO	Listening on port 2728
1601313637922	Marionette	WARN	TLS certificate errors will be ignored for this session
JavaScript error: resource://gre/actors/AutoCompleteChild.jsm, line 208: Error: Invalid autocomplete selectedIndex
console.error: Region.jsm: "Error fetching region" (new AbortError("The operation was aborted. ", (void 0), 636))
console.error: Region.jsm: "Failed to fetch region" (new Error("NO_RESULT", "resource://gre/modules/Region.jsm", 343))
JavaScript warning: https://wappass.baidu.com/static/touch/js/lib/fingerprint.js, line 1: WebGL warning: linkProgram: Must have a compiled vertex shader attached.
JavaScript warning: https://wappass.baidu.com/static/touch/js/lib/fingerprint.js, line 1: WebGL warning: useProgram: Program must be linked successfully.
JavaScript warning: https://wappass.baidu.com/static/touch/js/lib/fingerprint.js, line 1: WebGL warning: vertexAttribI?Pointer: `index` (4294967295) must be < MAX_VERTEX_ATTRIBS.
JavaScript warning: https://wappass.baidu.com/static/touch/js/lib/fingerprint.js, line 1: WebGL warning: uniform setter: No active linked Program.
JavaScript warning: https://wappass.baidu.com/static/touch/js/lib/fingerprint.js, line 1: WebGL warning: drawArraysInstanced: The current program is not linked.
SourceActor threw an exception: [Exception... "Failed to open input source 'javascript:;'"  nsresult: "0x80040111 (NS_ERROR_NOT_AVAILABLE)"  location: "JS frame :: resource://devtools/shared/DevToolsUtils.js :: mainThreadFetch/< :: line 661"  data: yes]
Stack: mainThreadFetch/<@resource://devtools/shared/DevToolsUtils.js:661:15
mainThreadFetch@resource://devtools/shared/DevToolsUtils.js:509:10
_fetchURLContents@resource://devtools/server/actors/utils/TabSources.js:440:22
urlContents@resource://devtools/server/actors/utils/TabSources.js:407:17
_resurrectSource@resource://devtools/server/actors/thread.js:2063:69
addAllSources@resource://devtools/server/actors/thread.js:1446:14
onSources@resource://devtools/server/actors/thread.js:1452:10
onPacket@resource://devtools/server/devtools-server-connection.js:379:58
receiveMessage@resource://devtools/shared/transport/child-transport.js:66:16
Line: 661, column: 0
console.error: ({})
JavaScript error: resource://devtools/shared/DevToolsUtils.js, line 661: NS_ERROR_NOT_AVAILABLE: Failed to open input source 'javascript:;'
1601315299596	Marionette	INFO	Stopped listening on port 2728

###!!! [Child][MessageChannel::SendAndWait] Error: Channel error: cannot send/recv

file" "C:\\temp\\rust_mozprofile.SxqmLIk0glD5"
JavaScript error: resource://gre/modules/XULStore.jsm, line 66: Error: Can't find profile directory.
console.error: SearchCache: "_readCacheFile: Error reading cache file:" (new Error("", "(unknown module)"))
1601313744016	Marionette	INFO	Listening on port 2918
1601313744139	Marionette	WARN	TLS certificate errors will be ignored for this session
JavaScript error: resource://gre/actors/AutoCompleteChild.jsm, line 208: Error: Invalid autocomplete selectedIndex
JavaScript warning: https://wappass.baidu.com/static/touch/js/lib/fingerprint.js, line 1: WebGL warning: linkProgram: Must have a compiled vertex shader attached.
JavaScript warning: https://wappass.baidu.com/static/touch/js/lib/fingerprint.js, line 1: WebGL warning: useProgram: Program must be linked successfully.
JavaScript warning: https://wappass.baidu.com/static/touch/js/lib/fingerprint.js, line 1: WebGL warning: vertexAttribI?Pointer: `index` (4294967295) must be < MAX_VERTEX_ATTRIBS.
JavaScript warning: https://wappass.baidu.com/static/touch/js/lib/fingerprint.js, line 1: WebGL warning: uniform setter: No active linked Program.
JavaScript warning: https://wappass.baidu.com/static/touch/js/lib/fingerprint.js, line 1: WebGL warning: drawArraysInstanced: The current program is not linked.
1601315302101	Marionette	INFO	Stopped listening on port 2918

###!!! [Child][RunMessage] Error: Channel closing: too late to send/recv, messages will be lost


###!!! [Child][MessageChannel::SendAndWait] Error: Channel error: cannot send/recv

1601316864422	mozrunner::runner	INFO	Running command: "C:\\Program Files\\Mozilla Firefox\\firefox.exe" "-marionette" "-foreground" "-no-remote" "-profile" "C:\\temp\\rust_mozprofile.WTzUvanLVc3U"
JavaScript error: resource://gre/modules/XULStore.jsm, line 66: Error: Can't find profile directory.
console.error: SearchCache: "_readCacheFile: Error reading cache file:" (new Error("", "(unknown module)"))
1601316867576	Marionette	INFO	Listening on port 3857
1601316867638	Marionette	WARN	TLS certificate errors will be ignored for this session
JavaScript error: resource://gre/actors/AutoCompleteChild.jsm, line 208: Error: Invalid autocomplete selectedIndex
JavaScript warning: https://wappass.baidu.com/static/touch/js/lib/fingerprint.js, line 1: WebGL warning: linkProgram: Must have a compiled vertex shader attached.
JavaScript warning: https://wappass.baidu.com/static/touch/js/lib/fingerprint.js, line 1: WebGL warning: useProgram: Program must be linked successfully.
JavaScript warning: https://wappass.baidu.com/static/touch/js/lib/fingerprint.js, line 1: WebGL warning: vertexAttribI?Pointer: `index` (4294967295) must be < MAX_VERTEX_ATTRIBS.
JavaScript warning: https://wappass.baidu.com/static/touch/js/lib/fingerprint.js, line 1: WebGL warning: uniform setter: No active linked Program.
JavaScript warning: https://wappass.baidu.com/static/touch/js/lib/fingerprint.js, line 1: WebGL warning: drawArraysInstanced: The current program is not linked.
1601316993224	Marionette	INFO	Stopped listening on port 3857

###!!! [Child][RunMessage] Error: Channel closing: too late to send/recv, messages will be lost


###!!! [Child][MessageChannel::SendAndWait] Error: Channel error: cannot send/recv

 line 66: Error: Can't find profile directory.
console.error: SearchCache: "_readCacheFile: Error reading cache file:" (new Error("", "(unknown module)"))
1601316921910	Marionette	INFO	Listening on port 3988
1601316922049	Marionette	WARN	TLS certificate errors will be ignored for this session
JavaScript error: resource://gre/actors/AutoCompleteChild.jsm, line 208: Error: Invalid autocomplete selectedIndex
JavaScript warning: https://wappass.baidu.com/static/touch/js/lib/fingerprint.js, line 1: WebGL warning: linkProgram: Must have a compiled vertex shader attached.
JavaScript warning: https://wappass.baidu.com/static/touch/js/lib/fingerprint.js, line 1: WebGL warning: useProgram: Program must be linked successfully.
JavaScript warning: https://wappass.baidu.com/static/touch/js/lib/fingerprint.js, line 1: WebGL warning: vertexAttribI?Pointer: `index` (4294967295) must be < MAX_VERTEX_ATTRIBS.
JavaScript warning: https://wappass.baidu.com/static/touch/js/lib/fingerprint.js, line 1: WebGL warning: uniform setter: No active linked Program.
JavaScript warning: https://wappass.baidu.com/static/touch/js/lib/fingerprint.js, line 1: WebGL warning: drawArraysInstanced: The current program is not linked.
1601316993059	Marionette	INFO	Stopped listening on port 3988

###!!! [Child][RunMessage] Error: Channel closing: too late to send/recv, messages will be lost


###!!! [Child][MessageChannel::SendAndWait] Error: Channel error: cannot send/recv

1601317489607	mozrunner::runner	INFO	Running command: "C:\\Program Files\\Mozilla Firefox\\firefox.exe" "-marionette" "-foreground" "-no-remote" "-profile" "C:\\temp\\rust_mozprofile.Rhqm39SgjTmv"
JavaScript error: resource://gre/modules/XULStore.jsm, line 66: Error: Can't find profile directory.
console.error: SearchCache: "_readCacheFile: Error reading cache file:" (new Error("", "(unknown module)"))
1601317492388	Marionette	INFO	Listening on port 4314
1601317492819	Marionette	WARN	TLS certificate errors will be ignored for this session
JavaScript error: resource://gre/actors/AutoCompleteChild.jsm, line 208: Error: Invalid autocomplete selectedIndex
JavaScript warning: https://wappass.baidu.com/static/touch/js/lib/fingerprint.js, line 1: WebGL warning: linkProgram: Must have a compiled vertex shader attached.
JavaScript warning: https://wappass.baidu.com/static/touch/js/lib/fingerprint.js, line 1: WebGL warning: useProgram: Program must be linked successfully.
JavaScript warning: https://wappass.baidu.com/static/touch/js/lib/fingerprint.js, line 1: WebGL warning: vertexAttribI?Pointer: `index` (4294967295) must be < MAX_VERTEX_ATTRIBS.
JavaScript warning: https://wappass.baidu.com/static/touch/js/lib/fingerprint.js, line 1: WebGL warning: uniform setter: No active linked Program.
JavaScript warning: https://wappass.baidu.com/static/touch/js/lib/fingerprint.js, line 1: WebGL warning: drawArraysInstanced: The current program is not linked.
1601317515872	Marionette	INFO	Stopped listening on port 4314
[Child 19236, Chrome_ChildThread] WARNING: pipe error: 232: file /builds/worker/checkouts/gecko/ipc/chromium/src/chrome/common/ipc_channel_win.cc, line 524

###!!! [Child][RunMessage] Error: Channel closing: too late to send/recv, messages will be lost


###!!! [Child][MessageChannel::SendAndWait] Error: Channel error: cannot send/recv

1601317798300	mozrunner::runner	INFO	Running command: "C:\\Program Files\\Mozilla Firefox\\firefox.exe" "-marionette" "-foreground" "-no-remote" "-profile" "C:\\temp\\rust_mozprofile.BgOuB8jqw7aw"
JavaScript error: resource://gre/modules/XULStore.jsm, line 66: Error: Can't find profile directory.
console.error: SearchCache: "_readCacheFile: Error reading cache file:" (new Error("", "(unknown module)"))
1601317801029	Marionette	INFO	Listening on port 4607
1601317801526	Marionette	WARN	TLS certificate errors will be ignored for this session
JavaScript error: resource://gre/actors/AutoCompleteChild.jsm, line 208: Error: Invalid autocomplete selectedIndex
JavaScript warning: https://wappass.baidu.com/static/touch/js/lib/fingerprint.js, line 1: WebGL warning: linkProgram: Must have a compiled vertex shader attached.
JavaScript warning: https://wappass.baidu.com/static/touch/js/lib/fingerprint.js, line 1: WebGL warning: useProgram: Program must be linked successfully.
JavaScript warning: https://wappass.baidu.com/static/touch/js/lib/fingerprint.js, line 1: WebGL warning: vertexAttribI?Pointer: `index` (4294967295) must be < MAX_VERTEX_ATTRIBS.
JavaScript warning: https://wappass.baidu.com/static/touch/js/lib/fingerprint.js, line 1: WebGL warning: uniform setter: No active linked Program.
JavaScript warning: https://wappass.baidu.com/static/touch/js/lib/fingerprint.js, line 1: WebGL warning: drawArraysInstanced: The current program is not linked.
1601318208682	Marionette	INFO	Stopped listening on port 4607

###!!! [Child][RunMessage] Error: Channel closing: too late to send/recv, messages will be lost


###!!! [Child][MessageChannel::SendAndWait] Error: Channel error: cannot send/recv

1601319550581	mozrunner::runner	INFO	Running command: "C:\\Program Files\\Mozilla Firefox\\firefox.exe" "-marionette" "-foreground" "-no-remote" "-profile" "C:\\temp\\rust_mozprofile.yTUguVtvbnZ6"
1601319570548	mozrunner::runner	INFO	Running command: "C:\\Program Files\\Mozilla Firefox\\firefox.exe" "-marionette" "-foreground" "-no-remote" "-profile" "C:\\temp\\rust_mozprofile.RRtGriMH1owY"
JavaScript error: resource://gre/modules/XULStore.jsm, line 66: Error: Can't find profile directory.
console.error: SearchCache: "_readCacheFile: Error reading cache file:" (new Error("", "(unknown module)"))
1601319572988	Marionette	INFO	Listening on port 1744
1601319573267	Marionette	WARN	TLS certificate errors will be ignored for this session
JavaScript error: resource://gre/actors/AutoCompleteChild.jsm, line 235: Error: Invalid autocomplete selectedIndex
Can't find symbol 'eglSwapBuffersWithDamageEXT'.
JavaScript warning: https://wappass.baidu.com/static/touch/js/lib/fingerprint.js, line 1: WebGL warning: linkProgram: Must have a compiled vertex shader attached.
JavaScript warning: https://wappass.baidu.com/static/touch/js/lib/fingerprint.js, line 1: WebGL warning: useProgram: Program must be linked successfully.
JavaScript warning: https://wappass.baidu.com/static/touch/js/lib/fingerprint.js, line 1: WebGL warning: vertexAttribI?Pointer: `index` (4294967295) must be < MAX_VERTEX_ATTRIBS.
JavaScript warning: https://wappass.baidu.com/static/touch/js/lib/fingerprint.js, line 1: WebGL warning: uniform setter: No active linked Program.
JavaScript warning: https://wappass.baidu.com/static/touch/js/lib/fingerprint.js, line 1: WebGL warning: drawArraysInstanced: The current program is not linked.
1601319617210	Marionette	INFO	Stopped listening on port 1744

###!!! [Child][RunMessage] Error: Channel closing: too late to send/recv, messages will be lost


###!!! [Child][MessageChannel::SendAndWait] Error: Channel error: cannot send/recv

1601319644416	mozrunner::runner	INFO	Running command: "C:\\Program Files\\Mozilla Firefox\\firefox.exe" "-marionette" "-headless" "-foreground" "-no-remote" "-profile" "C:\\temp\\rust_mozprofile.Vi6h6AIsFVds"
*** You are running in headless mode.
JavaScript error: resource://gre/modules/XULStore.jsm, line 66: Error: Can't find profile directory.
console.error: SearchCache: "_readCacheFile: Error reading cache file:" (new Error("", "(unknown module)"))
1601319646506	Marionette	INFO	Listening on port 1835
1601319646532	Marionette	WARN	TLS certificate errors will be ignored for this session
JavaScript error: resource://gre/actors/AutoCompleteChild.jsm, line 235: Error: Invalid autocomplete selectedIndex
JavaScript warning: https://wappass.baidu.com/static/touch/js/lib/fingerprint.js, line 1: WebGL warning: <Create>: Can't use WebGL in headless mode (https://bugzil.la/1375585).
JavaScript warning: https://wappass.baidu.com/static/touch/js/lib/fingerprint.js, line 1: Failed to create WebGL context: WebGL creation failed: 
* Can't use WebGL in headless mode (https://bugzil.la/1375585).
JavaScript warning: https://wappass.baidu.com/static/touch/js/lib/fingerprint.js, line 1: WebGL warning: <Create>: Can't use WebGL in headless mode (https://bugzil.la/1375585).
JavaScript warning: https://wappass.baidu.com/static/touch/js/lib/fingerprint.js, line 1: Failed to create WebGL context: WebGL creation failed: 
* Can't use WebGL in headless mode (https://bugzil.la/1375585).
JavaScript warning: https://wappass.baidu.com/static/touch/js/lib/fingerprint.js, line 1: WebGL warning: <Create>: Can't use WebGL in headless mode (https://bugzil.la/1375585).
JavaScript warning: https://wappass.baidu.com/static/touch/js/lib/fingerprint.js, line 1: Failed to create WebGL context: WebGL creation failed: 
* Can't use WebGL in headless mode (https://bugzil.la/1375585).
JavaScript warning: https://wappass.baidu.com/static/touch/js/lib/fingerprint.js, line 1: WebGL warning: <Create>: Can't use WebGL in headless mode (https://bugzil.la/1375585).
JavaScript warning: https://wappass.baidu.com/static/touch/js/lib/fingerprint.js, line 1: Failed to create WebGL context: WebGL creation failed: 
* Can't use WebGL in headless mode (https://bugzil.la/1375585).
1601319689441	Marionette	INFO	Stopped listening on port 1835

###!!! [Child][RunMessage] Error: Channel closing: too late to send/recv, messages will be lost

